{"C:\\Users\\14045\\Dropbox (nTier Training)\\InstructorCourseware\\AgileEngineering\\mocks\\auto-mock\\src\\sound-player-consumer.js": {"path":"C:\\Users\\14045\\Dropbox (nTier Training)\\InstructorCourseware\\AgileEngineering\\mocks\\auto-mock\\src\\sound-player-consumer.js","statementMap":{"0":{"start":{"line":5,"column":4},"end":{"line":5,"column":41}},"1":{"start":{"line":9,"column":30},"end":{"line":9,"column":40}},"2":{"start":{"line":10,"column":4},"end":{"line":10,"column":54}}},"fnMap":{"0":{"name":"(anonymous_0)","decl":{"start":{"line":4,"column":2},"end":{"line":4,"column":3}},"loc":{"start":{"line":4,"column":16},"end":{"line":6,"column":3}},"line":4},"1":{"name":"(anonymous_1)","decl":{"start":{"line":8,"column":2},"end":{"line":8,"column":3}},"loc":{"start":{"line":8,"column":22},"end":{"line":11,"column":3}},"line":8}},"branchMap":{},"s":{"0":0,"1":0,"2":0},"f":{"0":0,"1":0},"b":{},"inputSourceMap":null,"_coverageSchema":"1a1c01bbd47fc00a2c39e90264f33305004495a9","hash":"61959be9212f27d8b3b044dfa35df352d8f209a0"}
,"C:\\Users\\14045\\Dropbox (nTier Training)\\InstructorCourseware\\AgileEngineering\\mocks\\auto-mock\\src\\sound-player.js": {"path":"C:\\Users\\14045\\Dropbox (nTier Training)\\InstructorCourseware\\AgileEngineering\\mocks\\auto-mock\\src\\sound-player.js","statementMap":{"0":{"start":{"line":5,"column":6},"end":{"line":5,"column":23}},"1":{"start":{"line":9,"column":4},"end":{"line":9,"column":50}}},"fnMap":{"0":{"name":"(anonymous_0)","decl":{"start":{"line":4,"column":2},"end":{"line":4,"column":3}},"loc":{"start":{"line":4,"column":16},"end":{"line":6,"column":3}},"line":4},"1":{"name":"(anonymous_1)","decl":{"start":{"line":8,"column":2},"end":{"line":8,"column":3}},"loc":{"start":{"line":8,"column":26},"end":{"line":10,"column":3}},"line":8}},"branchMap":{},"s":{"0":0,"1":0},"f":{"0":0,"1":0},"b":{},"inputSourceMap":null,"_coverageSchema":"1a1c01bbd47fc00a2c39e90264f33305004495a9","hash":"9e88823ebba766fc5db6cc5dc8c7f0e7e556d378"}
}
